<?xml version="1.0" encoding="UTF-8"?>
<!-- Generated by org.testng.reporters.JUnitReportReporter -->
<testsuite hostname="NODE380" name="com.roadandfields.Test1" tests="1" failures="0" timestamp="2 Sep 2016 08:31:38 GMT" time="84.429" errors="0">
  <testcase name="main" time="84.429" classname="com.roadandfields.Test1"/>
</testsuite> <!-- com.roadandfields.Test1 -->
