<?xml version="1.0" encoding="UTF-8"?>
<!-- Generated by org.testng.reporters.JUnitReportReporter -->
<testsuite hostname="NODE380" name="com.roadandfields.tests.Test2" tests="1" failures="0" timestamp="7 Sep 2016 09:50:53 GMT" time="219.996" errors="0">
  <testcase name="main" time="219.996" classname="com.roadandfields.tests.Test2"/>
</testsuite> <!-- com.roadandfields.tests.Test2 -->
